[14:32:48] ST-00006 Draft | Started Draft for ST-00006.
[14:32:48] ST-00006 Draft | Starting step: Preparing Draft for ST-00006.
[14:32:48] ST-00006 Draft | Validating repository: Checking branch alignment and repository state.
[14:32:48] ST-00006 Draft | Repository validation complete for ST-00006.
[14:32:48] ST-00006 Draft | Collecting git diff: Reading story changes since the baseline commit.
[14:32:48] ST-00006 Draft | Diff snapshot includes 0 changed files.
[14:32:48] ST-00006 Draft | Building prompt: Loading step instructions.
[14:32:48] ST-00006 Draft | Building prompt: Loading prior story artifacts.
[14:32:48] ST-00006 Draft | Loading story artifacts for Draft: Draft.
[14:32:48] ST-00006 Draft | Reading Draft.md.
[14:32:48] ST-00006 Draft | Building prompt: Loading project specification.
[14:32:48] ST-00006 Draft | Loading 3 specification files for prompt context.
[14:32:48] ST-00006 Draft | Reading specification excerpt from doc/spec/ui.md.
[14:32:48] ST-00006 Draft | Reading specification excerpt from doc/spec/overview.md.
[14:32:48] ST-00006 Draft | Reading specification excerpt from doc/spec/gameplay.md.
[14:32:48] ST-00006 Draft | Building prompt: Scanning project files and excerpts.
[14:32:48] ST-00006 Draft | Scanning workspace files for Draft prompt context.
[14:32:48] ST-00006 Draft | Selected 8 project context files for Draft: snake/README.md, doc/spec/ui.md, doc/spec/overview.md, doc/spec/gameplay.md, .serena/project.yml, .serena/project.local.yml, .serena/memories/task_completion.md, .serena/memories/suggested_commands.md.
[14:32:48] ST-00006 Draft | Reading prompt context excerpt from snake/README.md.
[14:32:48] ST-00006 Draft | Reading prompt context excerpt from doc/spec/ui.md.
[14:32:48] ST-00006 Draft | Reading prompt context excerpt from doc/spec/overview.md.
[14:32:48] ST-00006 Draft | Reading prompt context excerpt from doc/spec/gameplay.md.
[14:32:48] ST-00006 Draft | Reading prompt context excerpt from .serena/project.yml.
[14:32:48] ST-00006 Draft | Reading prompt context excerpt from .serena/project.local.yml.
[14:32:48] ST-00006 Draft | Reading prompt context excerpt from .serena/memories/task_completion.md.
[14:32:48] ST-00006 Draft | Reading prompt context excerpt from .serena/memories/suggested_commands.md.
[14:32:48] ST-00006 Draft | Prompt ready: Prepared the Draft prompt.
[14:32:48] ST-00006 Draft | Generating artifact: Sending the prompt to the model.
[14:32:48] ST-00006 Draft | Generating artifact: Streaming the model response.
[14:34:49] ST-00006 Draft | Full preview for User Need
    - As a player of the Snake sample, the enemy AI should feel slightly less punishing so the game is fairer and easier to learn without losing the tension of a competing snake.
    - The desired outcome is a small difficulty reduction, not a major rebalance.

[14:34:49] ST-00006 Draft | Full preview for Problem
    - The current enemy replans aggressively every running tick and follows food very efficiently, which can make runs feel harsher than intended.
    - The current draft does not define what “decrease a bit” means, so implementation could weaken the enemy too much, too little, or change unrelated gameplay.

[14:34:49] ST-00006 Draft | Full preview for Goals
    - Reduce enemy difficulty slightly.
    - Keep the enemy visible, active, and able to compete for shared food.
    - Preserve existing board size, wraparound, phases, controls, scoring ownership, growth rules, collision rules, and lightweight implementation style.
    - Keep the behavior simple to explain, implement, and verify.

[14:34:49] ST-00006 Draft | Full preview for Non-Goals
    - Adding difficulty settings or a settings UI.
    - Removing the enemy or making it random/useless.
    - Changing player controls, UI layout, board dimensions, scoring rules, or tick-speed rules.
    - Replacing the simple AI with a larger pathfinding system.

[14:34:51] ST-00006 Draft | Full preview for Acceptance Criteria
    - During `Running`, the enemy still advances once per gameplay tick and remains subject to the current wraparound, food, growth, and collision rules.
    - The enemy AI is softened by reduced steering responsiveness: it makes a fresh food-seeking steering decision on the first running tick and then every other running tick after that.
    - On intervening ticks, the enemy keeps its current direction if that move is safe.
    - If its carried direction becomes unsafe and another safe direction exists, the enemy immediately selects a safe fallback instead of knowingly crashing.
    - When it does recalculate, the enemy still prefers a safe direction that moves it toward food, so it remains a meaningful opponent.
    - Player score and tick-speed progression remain player-only. Enemy food consumption still grows the enemy and respawns food without increasing player score or speed.
    - Relevant documentation, including `snake/README.md` and `doc/spec/gameplay.md`, is updated to describe the softened enemy behavior.

[14:34:52] ST-00006 Draft | Full preview for Open Questions
    - Is alternate-tick replanning the right amount of difficulty reduction, or should it be adjusted after a short playtest?
    - Should the softened behavior remain fully deterministic, or is a small amount of randomness acceptable if more tuning is needed?
    - Does `doc/spec/overview.md` also need a brief update if it summarizes current enemy behavior?

[14:34:52] ST-00006 Draft | Validating artifact: Checking generated markdown structure.
[14:34:52] ST-00006 Draft | Saving artifact: Writing Draft.md and updating workflow state.
[14:34:52] ST-00006 Draft | Completed: Saved Draft for ST-00006.
