[15:17:35] ST-00006 Review | Started Review for ST-00006.
[15:17:35] ST-00006 Review | Starting step: Preparing Review for ST-00006.
[15:17:35] ST-00006 Review | Validating repository: Checking branch alignment and repository state.
[15:17:35] ST-00006 Review | Repository validation complete for ST-00006.
[15:17:35] ST-00006 Review | Collecting review evidence: Pinning review commits and diff evidence.
[15:17:35] ST-00006 Review | Pinned review evidence with 1 changed files.
[15:17:35] ST-00006 Review | Building prompt: Loading review instructions.
[15:17:35] ST-00006 Review | Building prompt: Loading prior story artifacts.
[15:17:35] ST-00006 Review | Loading story artifacts for Review: Draft, Plan, Implementation, Review.
[15:17:35] ST-00006 Review | Reading Draft.md.
[15:17:35] ST-00006 Review | Reading Plan.md.
[15:17:35] ST-00006 Review | Reading Implementation.md.
[15:17:35] ST-00006 Review | Reading Review.md.
[15:17:35] ST-00006 Review | Building prompt: Loading project specification.
[15:17:35] ST-00006 Review | Loading 3 specification files for prompt context.
[15:17:35] ST-00006 Review | Reading specification excerpt from doc/spec/ui.md.
[15:17:35] ST-00006 Review | Reading specification excerpt from doc/spec/overview.md.
[15:17:35] ST-00006 Review | Reading specification excerpt from doc/spec/gameplay.md.
[15:17:35] ST-00006 Review | Prompt ready: Prepared the Review prompt.
[15:17:35] ST-00006 Review | Generating artifact: Waiting for tool-enabled round 1/16.
[15:17:44] ST-00006 Review | Tool round 1/16: Listing files in the pinned review session...
[15:17:44] ST-00006 Review | Completed storyAgent_listReviewFiles.
[15:17:44] ST-00006 Review | Generating artifact: Waiting for tool-enabled round 2/16.
[15:17:53] ST-00006 Review | Tool round 2/16: Reading git diff evidence for snake/src/game.rs...
[15:17:53] ST-00006 Review | Completed storyAgent_readReviewDiff.
[15:17:53] ST-00006 Review | Generating artifact: Waiting for tool-enabled round 3/16.
[15:18:04] ST-00006 Review | Tool round 3/16: Reading review evidence for snake/src/game.rs...
[15:18:04] ST-00006 Review | Completed storyAgent_readReviewFile.
[15:18:04] ST-00006 Review | Tool round 3/16: Reading review evidence for snake/src/game.rs...
[15:18:04] ST-00006 Review | Completed storyAgent_readReviewFile.
[15:18:04] ST-00006 Review | Tool round 3/16: Reading review evidence for snake/src/game.rs...
[15:18:05] ST-00006 Review | Completed storyAgent_readReviewFile.
[15:18:05] ST-00006 Review | Generating artifact: Waiting for tool-enabled round 4/16.
[15:18:17] ST-00006 Review | Tool round 4/16: Reading review evidence for snake/src/game.rs...
[15:18:17] ST-00006 Review | Completed storyAgent_readReviewFile.
[15:18:17] ST-00006 Review | Tool round 4/16: Reading review evidence for snake/src/game.rs...
[15:18:17] ST-00006 Review | Completed storyAgent_readReviewFile.
[15:18:17] ST-00006 Review | Generating artifact: Waiting for tool-enabled round 5/16.
[15:20:42] ST-00006 Review | Tool round 5/16: Reading review evidence for snake/src/game.rs...
[15:20:43] ST-00006 Review | Completed storyAgent_readReviewFile.
[15:20:43] ST-00006 Review | Generating artifact: Waiting for tool-enabled round 6/16.
[15:22:05] ST-00006 Review | Tool round 6/16: Reading review evidence for snake/src/game.rs...
[15:22:05] ST-00006 Review | Completed storyAgent_readReviewFile.
[15:22:05] ST-00006 Review | Generating artifact: Waiting for tool-enabled round 7/16.
[15:24:55] ST-00006 Review | Synthesizing artifact: Model is writing the final Review artifact.
[15:24:55] ST-00006 Review | Validating artifact: Checking generated markdown structure.
[15:24:55] ST-00006 Review | Saving artifact: Writing Review.md and updating workflow state.
[15:24:55] ST-00006 Review | Completed: Saved Review for ST-00006.
