[12:16:19] ST-00005 Review | Started Review for ST-00005.
[12:16:19] ST-00005 Review | Starting step: Preparing Review for ST-00005.
[12:16:19] ST-00005 Review | Validating repository: Checking branch alignment and repository state.
[12:16:20] ST-00005 Review | Repository validation complete for ST-00005.
[12:16:20] ST-00005 Review | Collecting review evidence: Pinning review commits and diff evidence.
[12:16:20] ST-00005 Review | Pinned review evidence with 1 changed files.
[12:16:20] ST-00005 Review | Building prompt: Loading review instructions.
[12:16:20] ST-00005 Review | Building prompt: Loading prior story artifacts.
[12:16:20] ST-00005 Review | Loading story artifacts for Review: Draft, Plan, Implementation, Review.
[12:16:20] ST-00005 Review | Reading Draft.md.
[12:16:20] ST-00005 Review | Reading Plan.md.
[12:16:20] ST-00005 Review | Reading Implementation.md.
[12:16:20] ST-00005 Review | Reading Review.md.
[12:16:20] ST-00005 Review | Building prompt: Loading project specification.
[12:16:20] ST-00005 Review | Loading 3 specification files for prompt context.
[12:16:20] ST-00005 Review | Reading specification excerpt from doc/spec/ui.md.
[12:16:20] ST-00005 Review | Reading specification excerpt from doc/spec/overview.md.
[12:16:20] ST-00005 Review | Reading specification excerpt from doc/spec/gameplay.md.
[12:16:20] ST-00005 Review | Prompt ready: Prepared the Review prompt.
[12:16:20] ST-00005 Review | Generating artifact: Waiting for tool-enabled round 1/16.
[12:16:27] ST-00005 Review | Tool round 1/16: Reading review evidence for snake/src/game.rs...
[12:16:27] ST-00005 Review | Completed storyAgent_readReviewFile.
[12:16:27] ST-00005 Review | Tool round 1/16: Reading review evidence for snake/src/game.rs...
[12:16:27] ST-00005 Review | Completed storyAgent_readReviewFile.
[12:16:27] ST-00005 Review | Tool round 1/16: Reading review evidence for snake/src/game.rs...
[12:16:27] ST-00005 Review | Completed storyAgent_readReviewFile.
[12:16:27] ST-00005 Review | Generating artifact: Waiting for tool-enabled round 2/16.
[12:16:45] ST-00005 Review | Tool round 2/16: Reading review evidence for snake/src/game.rs...
[12:16:45] ST-00005 Review | Completed storyAgent_readReviewFile.
[12:16:45] ST-00005 Review | Tool round 2/16: Reading git diff evidence for snake/src/game.rs...
[12:16:45] ST-00005 Review | Completed storyAgent_readReviewDiff.
[12:16:45] ST-00005 Review | Generating artifact: Waiting for tool-enabled round 3/16.
[12:16:49] ST-00005 Review | Tool round 3/16: Reading review evidence for snake/src/game.rs...
[12:16:49] ST-00005 Review | Completed storyAgent_readReviewFile.
[12:16:49] ST-00005 Review | Generating artifact: Waiting for tool-enabled round 4/16.
[12:20:57] ST-00005 Review | Synthesizing artifact: Model is writing the final Review artifact.
[12:20:57] ST-00005 Review | Validating artifact: Checking generated markdown structure.
[12:20:57] ST-00005 Review | Saving artifact: Writing Review.md and updating workflow state.
[12:20:57] ST-00005 Review | Completed: Saved Review for ST-00005.
