[14:35:52] ST-00006 Plan | Started Plan for ST-00006.
[14:35:52] ST-00006 Plan | Starting step: Preparing Plan for ST-00006.
[14:35:52] ST-00006 Plan | Validating repository: Checking branch alignment and repository state.
[14:35:52] ST-00006 Plan | Repository validation complete for ST-00006.
[14:35:52] ST-00006 Plan | Collecting git diff: Reading story changes since the baseline commit.
[14:35:52] ST-00006 Plan | Diff snapshot includes 0 changed files.
[14:35:52] ST-00006 Plan | Building prompt: Loading step instructions.
[14:35:52] ST-00006 Plan | Building prompt: Loading prior story artifacts.
[14:35:52] ST-00006 Plan | Loading story artifacts for Plan: Draft, Plan.
[14:35:52] ST-00006 Plan | Reading Draft.md.
[14:35:52] ST-00006 Plan | Reading Plan.md.
[14:35:52] ST-00006 Plan | Building prompt: Loading project specification.
[14:35:52] ST-00006 Plan | Loading 3 specification files for prompt context.
[14:35:52] ST-00006 Plan | Reading specification excerpt from doc/spec/ui.md.
[14:35:52] ST-00006 Plan | Reading specification excerpt from doc/spec/overview.md.
[14:35:52] ST-00006 Plan | Reading specification excerpt from doc/spec/gameplay.md.
[14:35:52] ST-00006 Plan | Building prompt: Scanning project files and excerpts.
[14:35:52] ST-00006 Plan | Scanning workspace files for Plan prompt context.
[14:35:52] ST-00006 Plan | Selected 14 project context files for Plan: snake/README.md, doc/spec/ui.md, doc/spec/overview.md, doc/spec/gameplay.md, .serena/project.yml, .serena/project.local.yml, snake/src/render.rs, snake/src/main.rs, snake/src/input.rs, snake/src/game.rs, snake/Cargo.toml, .serena/memories/task_completion.md, .serena/memories/suggested_commands.md, .serena/memories/style_conventions.md.
[14:35:52] ST-00006 Plan | Reading prompt context excerpt from snake/README.md.
[14:35:52] ST-00006 Plan | Reading prompt context excerpt from doc/spec/ui.md.
[14:35:52] ST-00006 Plan | Reading prompt context excerpt from doc/spec/overview.md.
[14:35:52] ST-00006 Plan | Reading prompt context excerpt from doc/spec/gameplay.md.
[14:35:52] ST-00006 Plan | Reading prompt context excerpt from .serena/project.yml.
[14:35:52] ST-00006 Plan | Reading prompt context excerpt from .serena/project.local.yml.
[14:35:52] ST-00006 Plan | Reading prompt context excerpt from snake/src/render.rs.
[14:35:52] ST-00006 Plan | Reading prompt context excerpt from snake/src/main.rs.
[14:35:52] ST-00006 Plan | Reading prompt context excerpt from snake/src/input.rs.
[14:35:52] ST-00006 Plan | Reading prompt context excerpt from snake/src/game.rs.
[14:35:52] ST-00006 Plan | Reading prompt context excerpt from snake/Cargo.toml.
[14:35:52] ST-00006 Plan | Reading prompt context excerpt from .serena/memories/task_completion.md.
[14:35:52] ST-00006 Plan | Reading prompt context excerpt from .serena/memories/suggested_commands.md.
[14:35:52] ST-00006 Plan | Reading prompt context excerpt from .serena/memories/style_conventions.md.
[14:35:52] ST-00006 Plan | Prompt ready: Prepared the Plan prompt.
[14:35:52] ST-00006 Plan | Generating artifact: Sending the prompt to the model.
[14:35:52] ST-00006 Plan | Generating artifact: Streaming the model response.
[14:37:51] ST-00006 Plan | Full preview for Summary
    - Soften the Snake enemy AI only in `snake/src/game.rs` by reducing how often it performs a fresh food-seeking replan.
    - Keep the enemy moving every running tick, but make full steering recalculation happen on the first running tick and then every other tick.
    - Preserve current wraparound, food, growth, collision, score, tick-speed, input, and rendering behavior; no UI or config changes are expected.

[14:37:53] ST-00006 Plan | Full preview for Findings
    - `snake/src/game.rs` appears to own tick progression, enemy steering, growth, collisions, and scoring, so the rebalance can stay localized there.
    - The existing enemy logic already looks deterministic and weighted toward safe food pursuit, which makes cadence control a smaller change than retuning many AI weights or adding randomness.
    - `snake/README.md` and `doc/spec/gameplay.md` currently describe the more aggressive enemy behavior; they should be updated in a later Documentation step. `doc/spec/overview.md` only needs follow-up if the broad summary should mention the softer AI.

[14:37:53] ST-00006 Plan | Full preview for Affected Files
    - `snake/src/game.rs`

[14:37:54] ST-00006 Plan | Full preview for Implementation Approach
    - Add a small enemy replan cadence field to `Game` and reset it in new-game, start, and restart paths so the first actual running movement tick is always a replan tick.
    - Split enemy direction selection into two paths:
      - replan ticks: reuse the current safe food-seeking ranking;
      - skipped ticks: keep the carried direction if it is safe, otherwise pick another safe direction if one exists, and otherwise preserve the existing unavoidable-crash outcome.
    - Leave the rest of `step()` intact so both snakes still move every gameplay tick and enemy food still only affects enemy growth and food respawn, not player score or tick speed.
    - Add or adjust focused unit tests in `snake/src/game.rs`, using direct state setup where needed to avoid RNG-dependent assertions.

[14:37:55] ST-00006 Plan | Full preview for Risks
    - Off-by-one handling around `Ready` to `Running` or `restart` could make the first running tick skip replanning.
    - If skipped ticks still reuse the full food-seeking chooser, the difficulty drop may be too small; if safety checks are rewritten too broadly, collision behavior could change unintentionally.
    - Documentation will remain stale until the later Documentation step updates the Snake behavior description.

[14:37:57] ST-00006 Plan | Full preview for Validation
    - Run `cargo test --manifest-path snake/Cargo.toml`.
    - Manually run `cargo run --manifest-path snake/Cargo.toml` and verify:
      - the enemy still advances every running tick;
      - it replans on the first running tick and then every other tick;
      - it keeps its current direction on intervening ticks when safe;
      - it still takes a safe fallback when its carried direction becomes unsafe;
      - enemy food consumption still grows the enemy without increasing player score or speeding up the game.
    - Later Documentation work should update `snake/README.md` and `doc/spec/gameplay.md`, with `doc/spec/overview.md` only if the higher-level summary should mention the new enemy cadence.

[14:37:57] ST-00006 Plan | Validating artifact: Checking generated markdown structure.
[14:37:57] ST-00006 Plan | Saving artifact: Writing Plan.md and updating workflow state.
[14:37:57] ST-00006 Plan | Completed: Saved Plan for ST-00006.
