[14:39:43] ST-00006 Implementation | Started Implementation for ST-00006.
[14:39:43] ST-00006 Implementation | Starting step: Preparing Implementation for ST-00006.
[14:39:43] ST-00006 Implementation | Validating repository: Checking branch alignment and repository state.
[14:39:43] ST-00006 Implementation | Repository validation complete for ST-00006.
[14:39:43] ST-00006 Implementation | Collecting git diff: Reading story changes since the baseline commit.
[14:39:43] ST-00006 Implementation | Diff snapshot includes 0 changed files.
[14:39:43] ST-00006 Implementation | Building prompt: Loading step instructions.
[14:39:43] ST-00006 Implementation | Building prompt: Loading prior story artifacts.
[14:39:43] ST-00006 Implementation | Loading story artifacts for Implementation: Draft, Plan, Implementation.
[14:39:43] ST-00006 Implementation | Reading Draft.md.
[14:39:43] ST-00006 Implementation | Reading Plan.md.
[14:39:43] ST-00006 Implementation | Reading Implementation.md.
[14:39:43] ST-00006 Implementation | Building prompt: Loading project specification.
[14:39:43] ST-00006 Implementation | Loading 3 specification files for prompt context.
[14:39:43] ST-00006 Implementation | Reading specification excerpt from doc/spec/ui.md.
[14:39:43] ST-00006 Implementation | Reading specification excerpt from doc/spec/overview.md.
[14:39:43] ST-00006 Implementation | Reading specification excerpt from doc/spec/gameplay.md.
[14:39:43] ST-00006 Implementation | Building prompt: Scanning project files and excerpts.
[14:39:43] ST-00006 Implementation | Scanning workspace files for Implementation prompt context.
[14:39:44] ST-00006 Implementation | Selected 14 project context files for Implementation: snake/README.md, doc/spec/ui.md, doc/spec/overview.md, doc/spec/gameplay.md, snake/Cargo.toml, .serena/project.yml, .serena/project.local.yml, snake/src/render.rs, snake/src/main.rs, snake/src/input.rs, snake/src/game.rs, .serena/memories/style_conventions.md, .serena/memories/task_completion.md, .serena/memories/suggested_commands.md.
[14:39:44] ST-00006 Implementation | Reading prompt context excerpt from snake/README.md.
[14:39:44] ST-00006 Implementation | Reading prompt context excerpt from doc/spec/ui.md.
[14:39:44] ST-00006 Implementation | Reading prompt context excerpt from doc/spec/overview.md.
[14:39:44] ST-00006 Implementation | Reading prompt context excerpt from doc/spec/gameplay.md.
[14:39:44] ST-00006 Implementation | Reading prompt context excerpt from snake/Cargo.toml.
[14:39:44] ST-00006 Implementation | Reading prompt context excerpt from .serena/project.yml.
[14:39:44] ST-00006 Implementation | Reading prompt context excerpt from .serena/project.local.yml.
[14:39:44] ST-00006 Implementation | Reading prompt context excerpt from snake/src/render.rs.
[14:39:44] ST-00006 Implementation | Reading prompt context excerpt from snake/src/main.rs.
[14:39:44] ST-00006 Implementation | Reading prompt context excerpt from snake/src/input.rs.
[14:39:44] ST-00006 Implementation | Reading prompt context excerpt from snake/src/game.rs.
[14:39:44] ST-00006 Implementation | Reading prompt context excerpt from .serena/memories/style_conventions.md.
[14:39:44] ST-00006 Implementation | Reading prompt context excerpt from .serena/memories/task_completion.md.
[14:39:44] ST-00006 Implementation | Reading prompt context excerpt from .serena/memories/suggested_commands.md.
[14:39:44] ST-00006 Implementation | Prompt ready: Prepared the Implementation prompt.
[14:39:44] ST-00006 Implementation | Generating artifact: Waiting for tool-enabled round 1/20.
[14:39:50] ST-00006 Implementation | Tool round 1/20: Reading snake/src/game.rs from the root repository...
[14:39:50] ST-00006 Implementation | Completed storyAgent_readProjectFile.
[14:39:50] ST-00006 Implementation | Generating artifact: Waiting for tool-enabled round 2/20.
[14:39:54] ST-00006 Implementation | Tool round 2/20: Reading snake/src/game.rs from the root repository...
[14:39:54] ST-00006 Implementation | Completed storyAgent_readProjectFile.
[14:39:54] ST-00006 Implementation | Tool round 2/20: Reading snake/src/game.rs from the root repository...
[14:39:54] ST-00006 Implementation | Completed storyAgent_readProjectFile.
[14:39:54] ST-00006 Implementation | Tool round 2/20: Reading snake/src/game.rs from the root repository...
[14:39:54] ST-00006 Implementation | Completed storyAgent_readProjectFile.
[14:39:54] ST-00006 Implementation | Generating artifact: Waiting for tool-enabled round 3/20.
[14:48:04] ST-00006 Implementation | Tool round 3/20: Writing snake/src/game.rs in the root repository...
[14:48:04] ST-00006 Implementation | Completed storyAgent_writeProjectFile.
[14:48:04] ST-00006 Implementation | Generating artifact: Waiting for tool-enabled round 4/20.
[14:50:04] ST-00006 Implementation | Synthesizing artifact: Model is writing the final Implementation artifact.
[14:50:04] ST-00006 Implementation | Validating artifact: Checking generated markdown structure.
[14:50:04] ST-00006 Implementation | Committing changes: Creating the implementation commit on the story branch.
[14:50:05] ST-00006 Implementation | Implementation commit created at 394162269c99356437021e232194ec87d58758c5.
[14:50:05] ST-00006 Implementation | Saving artifact: Writing Implementation.md and updating workflow state.
[14:50:05] ST-00006 Implementation | Completed: Saved Implementation for ST-00006.
