[12:36:30] ST-00005 Implementation | Started Implementation for ST-00005.
[12:36:30] ST-00005 Implementation | Starting step: Preparing Implementation for ST-00005.
[12:36:30] ST-00005 Implementation | Validating repository: Checking branch alignment and repository state.
[12:36:30] ST-00005 Implementation | Repository validation complete for ST-00005.
[12:36:30] ST-00005 Implementation | Collecting git diff: Reading story changes since the baseline commit.
[12:36:30] ST-00005 Implementation | Diff snapshot includes 1 changed files.
[12:36:30] ST-00005 Implementation | Building prompt: Loading step instructions.
[12:36:30] ST-00005 Implementation | Building prompt: Loading prior story artifacts.
[12:36:30] ST-00005 Implementation | Loading story artifacts for Implementation: Draft, Plan, Implementation.
[12:36:30] ST-00005 Implementation | Reading Draft.md.
[12:36:30] ST-00005 Implementation | Reading Plan.md.
[12:36:30] ST-00005 Implementation | Reading Implementation.md.
[12:36:30] ST-00005 Implementation | Building prompt: Loading project specification.
[12:36:30] ST-00005 Implementation | Loading 3 specification files for prompt context.
[12:36:30] ST-00005 Implementation | Reading specification excerpt from doc/spec/ui.md.
[12:36:30] ST-00005 Implementation | Reading specification excerpt from doc/spec/overview.md.
[12:36:30] ST-00005 Implementation | Reading specification excerpt from doc/spec/gameplay.md.
[12:36:30] ST-00005 Implementation | Building prompt: Scanning project files and excerpts.
[12:36:30] ST-00005 Implementation | Scanning workspace files for Implementation prompt context.
[12:36:30] ST-00005 Implementation | Selected 14 project context files for Implementation: snake/src/game.rs, snake/README.md, doc/spec/gameplay.md, doc/spec/overview.md, doc/spec/ui.md, .serena/project.yml, .serena/project.local.yml, snake/Cargo.toml, snake/src/render.rs, snake/src/main.rs, snake/src/input.rs, .serena/memories/task_completion.md, .serena/memories/suggested_commands.md, .serena/memories/project_overview.md.
[12:36:30] ST-00005 Implementation | Reading prompt context excerpt from snake/src/game.rs.
[12:36:30] ST-00005 Implementation | Reading prompt context excerpt from snake/README.md.
[12:36:30] ST-00005 Implementation | Reading prompt context excerpt from doc/spec/gameplay.md.
[12:36:30] ST-00005 Implementation | Reading prompt context excerpt from doc/spec/overview.md.
[12:36:30] ST-00005 Implementation | Reading prompt context excerpt from doc/spec/ui.md.
[12:36:30] ST-00005 Implementation | Reading prompt context excerpt from .serena/project.yml.
[12:36:30] ST-00005 Implementation | Reading prompt context excerpt from .serena/project.local.yml.
[12:36:30] ST-00005 Implementation | Reading prompt context excerpt from snake/Cargo.toml.
[12:36:30] ST-00005 Implementation | Reading prompt context excerpt from snake/src/render.rs.
[12:36:30] ST-00005 Implementation | Reading prompt context excerpt from snake/src/main.rs.
[12:36:30] ST-00005 Implementation | Reading prompt context excerpt from snake/src/input.rs.
[12:36:30] ST-00005 Implementation | Reading prompt context excerpt from .serena/memories/task_completion.md.
[12:36:30] ST-00005 Implementation | Reading prompt context excerpt from .serena/memories/suggested_commands.md.
[12:36:30] ST-00005 Implementation | Reading prompt context excerpt from .serena/memories/project_overview.md.
[12:36:30] ST-00005 Implementation | Prompt ready: Prepared the Implementation prompt.
[12:36:30] ST-00005 Implementation | Generating artifact: Waiting for tool-enabled round 1/20.
[12:36:39] ST-00005 Implementation | Tool round 1/20: Reading snake/src/game.rs from the root repository...
[12:36:39] ST-00005 Implementation | Completed storyAgent_readProjectFile.
[12:36:39] ST-00005 Implementation | Tool round 1/20: Reading snake/src/game.rs from the root repository...
[12:36:39] ST-00005 Implementation | Completed storyAgent_readProjectFile.
[12:36:39] ST-00005 Implementation | Generating artifact: Waiting for tool-enabled round 2/20.
[12:36:47] ST-00005 Implementation | Tool round 2/20: Reading snake/src/game.rs from the root repository...
[12:36:47] ST-00005 Implementation | Completed storyAgent_readProjectFile.
[12:36:47] ST-00005 Implementation | Generating artifact: Waiting for tool-enabled round 3/20.
[12:38:32] ST-00005 Implementation | Tool round 3/20: Reading snake/src/game.rs from the root repository...
[12:38:32] ST-00005 Implementation | Completed storyAgent_readProjectFile.
[12:38:32] ST-00005 Implementation | Generating artifact: Waiting for tool-enabled round 4/20.
[12:38:42] ST-00005 Implementation | Tool round 4/20: Reading snake/src/game.rs from the root repository...
[12:38:42] ST-00005 Implementation | Completed storyAgent_readProjectFile.
[12:38:42] ST-00005 Implementation | Generating artifact: Waiting for tool-enabled round 5/20.
[12:42:52] ST-00005 Implementation | Tool round 5/20: Reading snake/src/game.rs from the root repository...
[12:42:52] ST-00005 Implementation | Completed storyAgent_readProjectFile.
[12:42:52] ST-00005 Implementation | Tool round 5/20: Reading snake/src/game.rs from the root repository...
[12:42:52] ST-00005 Implementation | Completed storyAgent_readProjectFile.
[12:42:52] ST-00005 Implementation | Tool round 5/20: Reading snake/src/game.rs from the root repository...
[12:42:52] ST-00005 Implementation | Completed storyAgent_readProjectFile.
[12:42:52] ST-00005 Implementation | Tool round 5/20: Reading snake/src/game.rs from the root repository...
[12:42:52] ST-00005 Implementation | Completed storyAgent_readProjectFile.
[12:42:52] ST-00005 Implementation | Generating artifact: Waiting for tool-enabled round 6/20.
[12:48:26] ST-00005 Implementation | Tool round 6/20: Writing snake/src/game.rs in the root repository...
[12:48:26] ST-00005 Implementation | Completed storyAgent_writeProjectFile.
[12:48:26] ST-00005 Implementation | Generating artifact: Waiting for tool-enabled round 7/20.
[12:48:52] ST-00005 Implementation | Synthesizing artifact: Model is writing the final Implementation artifact.
[12:48:52] ST-00005 Implementation | Validating artifact: Checking generated markdown structure.
[12:48:52] ST-00005 Implementation | Committing changes: Creating the implementation commit on the story branch.
[12:48:53] ST-00005 Implementation | Implementation commit created at 21a9295e603c2c12f5e8d69f0ef5c3e25ea0ca0c.
[12:48:53] ST-00005 Implementation | Saving artifact: Writing Implementation.md and updating workflow state.
[12:48:53] ST-00005 Implementation | Completed: Saved Implementation for ST-00005.
