[15:07:49] ST-00006 Implementation | Started Implementation for ST-00006.
[15:07:49] ST-00006 Implementation | Starting step: Preparing Implementation for ST-00006.
[15:07:49] ST-00006 Implementation | Validating repository: Checking branch alignment and repository state.
[15:07:49] ST-00006 Implementation | Repository validation complete for ST-00006.
[15:07:49] ST-00006 Implementation | Collecting git diff: Reading story changes since the baseline commit.
[15:07:49] ST-00006 Implementation | Diff snapshot includes 1 changed files.
[15:07:49] ST-00006 Implementation | Building prompt: Loading step instructions.
[15:07:49] ST-00006 Implementation | Building prompt: Loading prior story artifacts.
[15:07:49] ST-00006 Implementation | Loading story artifacts for Implementation: Draft, Plan, Implementation.
[15:07:49] ST-00006 Implementation | Reading Draft.md.
[15:07:49] ST-00006 Implementation | Reading Plan.md.
[15:07:49] ST-00006 Implementation | Reading Implementation.md.
[15:07:49] ST-00006 Implementation | Checking Review.md for rework context against implementation commit 875955c5ab7ac0b8f8b795315b57460ce36fdbe2.
[15:07:49] ST-00006 Implementation | Injected 2 review findings and 1 follow-up items into the Implementation rework prompt.
[15:07:49] ST-00006 Implementation | Building prompt: Loading project specification.
[15:07:49] ST-00006 Implementation | Loading 3 specification files for prompt context.
[15:07:49] ST-00006 Implementation | Reading specification excerpt from doc/spec/ui.md.
[15:07:49] ST-00006 Implementation | Reading specification excerpt from doc/spec/overview.md.
[15:07:49] ST-00006 Implementation | Reading specification excerpt from doc/spec/gameplay.md.
[15:07:49] ST-00006 Implementation | Building prompt: Scanning project files and excerpts.
[15:07:49] ST-00006 Implementation | Scanning workspace files for Implementation prompt context.
[15:07:49] ST-00006 Implementation | Selected 14 project context files for Implementation: snake/src/game.rs, snake/README.md, doc/spec/ui.md, doc/spec/overview.md, doc/spec/gameplay.md, .serena/project.yml, .serena/project.local.yml, snake/src/render.rs, snake/src/main.rs, snake/src/input.rs, snake/Cargo.toml, .serena/memories/task_completion.md, .serena/memories/suggested_commands.md, .serena/memories/style_conventions.md.
[15:07:49] ST-00006 Implementation | Reading prompt context excerpt from snake/src/game.rs.
[15:07:49] ST-00006 Implementation | Reading prompt context excerpt from snake/README.md.
[15:07:49] ST-00006 Implementation | Reading prompt context excerpt from doc/spec/ui.md.
[15:07:49] ST-00006 Implementation | Reading prompt context excerpt from doc/spec/overview.md.
[15:07:49] ST-00006 Implementation | Reading prompt context excerpt from doc/spec/gameplay.md.
[15:07:49] ST-00006 Implementation | Reading prompt context excerpt from .serena/project.yml.
[15:07:49] ST-00006 Implementation | Reading prompt context excerpt from .serena/project.local.yml.
[15:07:49] ST-00006 Implementation | Reading prompt context excerpt from snake/src/render.rs.
[15:07:49] ST-00006 Implementation | Reading prompt context excerpt from snake/src/main.rs.
[15:07:49] ST-00006 Implementation | Reading prompt context excerpt from snake/src/input.rs.
[15:07:49] ST-00006 Implementation | Reading prompt context excerpt from snake/Cargo.toml.
[15:07:49] ST-00006 Implementation | Reading prompt context excerpt from .serena/memories/task_completion.md.
[15:07:49] ST-00006 Implementation | Reading prompt context excerpt from .serena/memories/suggested_commands.md.
[15:07:49] ST-00006 Implementation | Reading prompt context excerpt from .serena/memories/style_conventions.md.
[15:07:49] ST-00006 Implementation | Prompt ready: Prepared the Implementation prompt.
[15:07:49] ST-00006 Implementation | Generating artifact: Waiting for tool-enabled round 1/20.
[15:08:02] ST-00006 Implementation | Tool round 1/20: Reading snake/src/game.rs from the root repository...
[15:08:02] ST-00006 Implementation | Completed storyAgent_readProjectFile.
[15:08:02] ST-00006 Implementation | Tool round 1/20: Reading snake/src/game.rs from the root repository...
[15:08:02] ST-00006 Implementation | Completed storyAgent_readProjectFile.
[15:08:02] ST-00006 Implementation | Tool round 1/20: Reading snake/src/game.rs from the root repository...
[15:08:02] ST-00006 Implementation | Completed storyAgent_readProjectFile.
[15:08:02] ST-00006 Implementation | Tool round 1/20: Reading snake/src/game.rs from the root repository...
[15:08:02] ST-00006 Implementation | Completed storyAgent_readProjectFile.
[15:08:02] ST-00006 Implementation | Generating artifact: Waiting for tool-enabled round 2/20.
[15:08:16] ST-00006 Implementation | Tool round 2/20: Reading snake/src/game.rs from the root repository...
[15:08:16] ST-00006 Implementation | Completed storyAgent_readProjectFile.
[15:08:16] ST-00006 Implementation | Generating artifact: Waiting for tool-enabled round 3/20.
[15:13:14] ST-00006 Implementation | Tool round 3/20: Writing snake/src/game.rs in the root repository...
[15:13:14] ST-00006 Implementation | Completed storyAgent_writeProjectFile.
[15:13:14] ST-00006 Implementation | Generating artifact: Waiting for tool-enabled round 4/20.
[15:14:14] ST-00006 Implementation | Synthesizing artifact: Model is writing the final Implementation artifact.
[15:14:14] ST-00006 Implementation | Validating artifact: Checking generated markdown structure.
[15:14:14] ST-00006 Implementation | Committing changes: Creating the implementation commit on the story branch.
[15:14:15] ST-00006 Implementation | Implementation commit created at 8f1cefcc958f7289fe8d3dde21af82fd3cfea2ec.
[15:14:15] ST-00006 Implementation | Saving artifact: Writing Implementation.md and updating workflow state.
[15:14:15] ST-00006 Implementation | Completed: Saved Implementation for ST-00006.
