[12:55:34] ST-00005 Implementation | Started Implementation for ST-00005.
[12:55:34] ST-00005 Implementation | Starting step: Preparing Implementation for ST-00005.
[12:55:34] ST-00005 Implementation | Validating repository: Checking branch alignment and repository state.
[12:55:34] ST-00005 Implementation | Repository validation complete for ST-00005.
[12:55:34] ST-00005 Implementation | Collecting git diff: Reading story changes since the baseline commit.
[12:55:34] ST-00005 Implementation | Diff snapshot includes 1 changed files.
[12:55:34] ST-00005 Implementation | Building prompt: Loading step instructions.
[12:55:34] ST-00005 Implementation | Building prompt: Loading prior story artifacts.
[12:55:34] ST-00005 Implementation | Loading story artifacts for Implementation: Draft, Plan, Implementation.
[12:55:34] ST-00005 Implementation | Reading Draft.md.
[12:55:34] ST-00005 Implementation | Reading Plan.md.
[12:55:34] ST-00005 Implementation | Reading Implementation.md.
[12:55:34] ST-00005 Implementation | Building prompt: Loading project specification.
[12:55:34] ST-00005 Implementation | Loading 3 specification files for prompt context.
[12:55:34] ST-00005 Implementation | Reading specification excerpt from doc/spec/ui.md.
[12:55:34] ST-00005 Implementation | Reading specification excerpt from doc/spec/overview.md.
[12:55:34] ST-00005 Implementation | Reading specification excerpt from doc/spec/gameplay.md.
[12:55:34] ST-00005 Implementation | Building prompt: Scanning project files and excerpts.
[12:55:34] ST-00005 Implementation | Scanning workspace files for Implementation prompt context.
[12:55:34] ST-00005 Implementation | Selected 14 project context files for Implementation: snake/src/game.rs, snake/README.md, doc/spec/ui.md, doc/spec/overview.md, doc/spec/gameplay.md, snake/Cargo.toml, .serena/project.yml, .serena/project.local.yml, snake/src/render.rs, .serena/memories/task_completion.md, .serena/memories/suggested_commands.md, .serena/memories/style_conventions.md, .serena/memories/project_overview.md, snake/src/main.rs.
[12:55:34] ST-00005 Implementation | Reading prompt context excerpt from snake/src/game.rs.
[12:55:34] ST-00005 Implementation | Reading prompt context excerpt from snake/README.md.
[12:55:34] ST-00005 Implementation | Reading prompt context excerpt from doc/spec/ui.md.
[12:55:34] ST-00005 Implementation | Reading prompt context excerpt from doc/spec/overview.md.
[12:55:34] ST-00005 Implementation | Reading prompt context excerpt from doc/spec/gameplay.md.
[12:55:34] ST-00005 Implementation | Reading prompt context excerpt from snake/Cargo.toml.
[12:55:34] ST-00005 Implementation | Reading prompt context excerpt from .serena/project.yml.
[12:55:34] ST-00005 Implementation | Reading prompt context excerpt from .serena/project.local.yml.
[12:55:34] ST-00005 Implementation | Reading prompt context excerpt from snake/src/render.rs.
[12:55:34] ST-00005 Implementation | Reading prompt context excerpt from .serena/memories/task_completion.md.
[12:55:34] ST-00005 Implementation | Reading prompt context excerpt from .serena/memories/suggested_commands.md.
[12:55:34] ST-00005 Implementation | Reading prompt context excerpt from .serena/memories/style_conventions.md.
[12:55:34] ST-00005 Implementation | Reading prompt context excerpt from .serena/memories/project_overview.md.
[12:55:34] ST-00005 Implementation | Reading prompt context excerpt from snake/src/main.rs.
[12:55:34] ST-00005 Implementation | Prompt ready: Prepared the Implementation prompt.
[12:55:35] ST-00005 Implementation | Generating artifact: Waiting for tool-enabled round 1/20.
[12:55:42] ST-00005 Implementation | Tool round 1/20: Reading snake/src/game.rs from the root repository...
[12:55:42] ST-00005 Implementation | Cancelled: Cancelled Implementation for ST-00005.
