[13:24:37] ST-00005 Implementation | Started Implementation for ST-00005.
[13:24:37] ST-00005 Implementation | Starting step: Preparing Implementation for ST-00005.
[13:24:37] ST-00005 Implementation | Validating repository: Checking branch alignment and repository state.
[13:24:37] ST-00005 Implementation | Repository validation complete for ST-00005.
[13:24:37] ST-00005 Implementation | Collecting git diff: Reading story changes since the baseline commit.
[13:24:37] ST-00005 Implementation | Diff snapshot includes 1 changed files.
[13:24:37] ST-00005 Implementation | Building prompt: Loading step instructions.
[13:24:37] ST-00005 Implementation | Building prompt: Loading prior story artifacts.
[13:24:37] ST-00005 Implementation | Loading story artifacts for Implementation: Draft, Plan, Implementation.
[13:24:37] ST-00005 Implementation | Reading Draft.md.
[13:24:37] ST-00005 Implementation | Reading Plan.md.
[13:24:37] ST-00005 Implementation | Reading Implementation.md.
[13:24:37] ST-00005 Implementation | Checking Review.md for rework context against implementation commit bacb8b28e0215303c1ecd416be77e2274f495ffb.
[13:24:37] ST-00005 Implementation | Injected 3 review findings and 2 follow-up items into the Implementation rework prompt.
[13:24:37] ST-00005 Implementation | Building prompt: Loading project specification.
[13:24:37] ST-00005 Implementation | Loading 3 specification files for prompt context.
[13:24:37] ST-00005 Implementation | Reading specification excerpt from doc/spec/ui.md.
[13:24:37] ST-00005 Implementation | Reading specification excerpt from doc/spec/overview.md.
[13:24:37] ST-00005 Implementation | Reading specification excerpt from doc/spec/gameplay.md.
[13:24:37] ST-00005 Implementation | Building prompt: Scanning project files and excerpts.
[13:24:37] ST-00005 Implementation | Scanning workspace files for Implementation prompt context.
[13:24:37] ST-00005 Implementation | Selected 14 project context files for Implementation: snake/src/game.rs, snake/README.md, doc/spec/ui.md, doc/spec/overview.md, doc/spec/gameplay.md, .serena/project.yml, .serena/project.local.yml, .serena/memories/task_completion.md, .serena/memories/suggested_commands.md, .serena/memories/style_conventions.md, .serena/memories/project_overview.md, snake/src/render.rs, snake/src/main.rs, snake/src/input.rs.
[13:24:37] ST-00005 Implementation | Reading prompt context excerpt from snake/src/game.rs.
[13:24:37] ST-00005 Implementation | Reading prompt context excerpt from snake/README.md.
[13:24:37] ST-00005 Implementation | Reading prompt context excerpt from doc/spec/ui.md.
[13:24:37] ST-00005 Implementation | Reading prompt context excerpt from doc/spec/overview.md.
[13:24:37] ST-00005 Implementation | Reading prompt context excerpt from doc/spec/gameplay.md.
[13:24:37] ST-00005 Implementation | Reading prompt context excerpt from .serena/project.yml.
[13:24:37] ST-00005 Implementation | Reading prompt context excerpt from .serena/project.local.yml.
[13:24:37] ST-00005 Implementation | Reading prompt context excerpt from .serena/memories/task_completion.md.
[13:24:37] ST-00005 Implementation | Reading prompt context excerpt from .serena/memories/suggested_commands.md.
[13:24:37] ST-00005 Implementation | Reading prompt context excerpt from .serena/memories/style_conventions.md.
[13:24:37] ST-00005 Implementation | Reading prompt context excerpt from .serena/memories/project_overview.md.
[13:24:37] ST-00005 Implementation | Reading prompt context excerpt from snake/src/render.rs.
[13:24:37] ST-00005 Implementation | Reading prompt context excerpt from snake/src/main.rs.
[13:24:37] ST-00005 Implementation | Reading prompt context excerpt from snake/src/input.rs.
[13:24:37] ST-00005 Implementation | Prompt ready: Prepared the Implementation prompt.
[13:24:37] ST-00005 Implementation | Generating artifact: Waiting for tool-enabled round 1/20.
[13:24:47] ST-00005 Implementation | Tool round 1/20: Reading snake/src/game.rs from the root repository...
[13:24:47] ST-00005 Implementation | Completed storyAgent_readProjectFile.
[13:24:47] ST-00005 Implementation | Tool round 1/20: Reading snake/src/game.rs from the root repository...
[13:24:47] ST-00005 Implementation | Completed storyAgent_readProjectFile.
[13:24:47] ST-00005 Implementation | Generating artifact: Waiting for tool-enabled round 2/20.
[13:24:57] ST-00005 Implementation | Tool round 2/20: Reading snake/src/game.rs from the root repository...
[13:24:57] ST-00005 Implementation | Completed storyAgent_readProjectFile.
[13:24:57] ST-00005 Implementation | Tool round 2/20: Reading snake/src/game.rs from the root repository...
[13:24:57] ST-00005 Implementation | Completed storyAgent_readProjectFile.
[13:24:57] ST-00005 Implementation | Tool round 2/20: Reading snake/src/game.rs from the root repository...
[13:24:57] ST-00005 Implementation | Completed storyAgent_readProjectFile.
[13:24:57] ST-00005 Implementation | Generating artifact: Waiting for tool-enabled round 3/20.
[13:30:25] ST-00005 Implementation | Tool round 3/20: Writing snake/src/game.rs in the root repository...
[13:30:25] ST-00005 Implementation | Completed storyAgent_writeProjectFile.
[13:30:25] ST-00005 Implementation | Generating artifact: Waiting for tool-enabled round 4/20.
[13:30:39] ST-00005 Implementation | Synthesizing artifact: Model is writing the final Implementation artifact.
[13:30:39] ST-00005 Implementation | Validating artifact: Checking generated markdown structure.
[13:30:39] ST-00005 Implementation | Committing changes: Creating the implementation commit on the story branch.
[13:30:40] ST-00005 Implementation | Implementation commit created at ca4a3638162d1cc21d81410e71d37f74a32f50fa.
[13:30:40] ST-00005 Implementation | Saving artifact: Writing Implementation.md and updating workflow state.
[13:30:40] ST-00005 Implementation | Completed: Saved Implementation for ST-00005.
